INFO:uvicorn.error:Shutting down
INFO:uvicorn.error:Waiting for application shutdown.
INFO:uvicorn.error:Application shutdown complete.
INFO:uvicorn.error:Finished server process [7485]
INFO:uvicorn.error:Started server process [7536]
INFO:uvicorn.error:Waiting for application startup.
INFO:uvicorn.error:Application startup complete.
INFO:uvicorn.error:Shutting down
INFO:uvicorn.error:Waiting for application shutdown.
INFO:uvicorn.error:Application shutdown complete.
INFO:uvicorn.error:Finished server process [7536]
INFO:uvicorn.error:Started server process [7779]
INFO:uvicorn.error:Waiting for application startup.
INFO:uvicorn.error:Application startup complete.
INFO:uvicorn.error:Shutting down
INFO:uvicorn.error:Waiting for application shutdown.
INFO:uvicorn.error:Application shutdown complete.
INFO:uvicorn.error:Finished server process [7779]
INFO:uvicorn.error:Started server process [7809]
INFO:uvicorn.error:Waiting for application startup.
INFO:uvicorn.error:Application startup complete.
INFO:uvicorn.error:Shutting down
INFO:uvicorn.error:Waiting for application shutdown.
INFO:uvicorn.error:Application shutdown complete.
INFO:uvicorn.error:Finished server process [7809]
INFO:uvicorn.error:Started server process [7839]
INFO:uvicorn.error:Waiting for application startup.
INFO:uvicorn.error:Application startup complete.
INFO:uvicorn.error:Shutting down
INFO:uvicorn.error:Waiting for application shutdown.
INFO:uvicorn.error:Application shutdown complete.
INFO:uvicorn.error:Finished server process [7839]
INFO:uvicorn.error:Started server process [7880]
INFO:uvicorn.error:Waiting for application startup.
INFO:uvicorn.error:Application startup complete.
INFO:uvicorn.error:Shutting down
INFO:uvicorn.error:Waiting for application shutdown.
INFO:uvicorn.error:Application shutdown complete.
INFO:uvicorn.error:Finished server process [7880]
INFO:uvicorn.error:Started server process [21126]
INFO:uvicorn.error:Waiting for application startup.
INFO:uvicorn.error:Application startup complete.
INFO:uvicorn.error:Shutting down
INFO:uvicorn.error:Waiting for application shutdown.
INFO:uvicorn.error:Application shutdown complete.
INFO:uvicorn.error:Finished server process [21126]
INFO:uvicorn.error:Started server process [7]
INFO:uvicorn.error:Waiting for application startup.
INFO:uvicorn.error:Application startup complete.
INFO:uvicorn.error:Started server process [7]
INFO:uvicorn.error:Waiting for application startup.
INFO:uvicorn.error:Application startup complete.
INFO:uvicorn.error:Started server process [7]
INFO:uvicorn.error:Waiting for application startup.
INFO:uvicorn.error:Application startup complete.
INFO:uvicorn.error:Started server process [7]
INFO:uvicorn.error:Waiting for application startup.
INFO:uvicorn.error:Application startup complete.
INFO:uvicorn.error:Started server process [7]
INFO:uvicorn.error:Waiting for application startup.
INFO:uvicorn.error:Application startup complete.
INFO:uvicorn.error:Started server process [7]
INFO:uvicorn.error:Waiting for application startup.
INFO:uvicorn.error:Application startup complete.
INFO:uvicorn.error:Shutting down
INFO:uvicorn.error:Waiting for application shutdown.
INFO:uvicorn.error:Application shutdown complete.
INFO:uvicorn.error:Finished server process [7]
INFO:uvicorn.error:Started server process [9]
INFO:uvicorn.error:Waiting for application startup.
INFO:uvicorn.error:Application startup complete.
INFO:uvicorn.error:Started server process [7]
INFO:uvicorn.error:Waiting for application startup.
INFO:uvicorn.error:Application startup complete.
INFO:uvicorn.error:Started server process [7]
INFO:uvicorn.error:Waiting for application startup.
INFO:uvicorn.error:Application startup complete.
INFO:uvicorn.error:Started server process [7]
INFO:uvicorn.error:Waiting for application startup.
INFO:uvicorn.error:Application startup complete.
INFO:uvicorn.error:Started server process [7]
INFO:uvicorn.error:Waiting for application startup.
INFO:uvicorn.error:Application startup complete.
INFO:uvicorn.error:Started server process [7]
INFO:uvicorn.error:Waiting for application startup.
INFO:uvicorn.error:Application startup complete.
INFO:uvicorn.error:Started server process [7]
INFO:uvicorn.error:Waiting for application startup.
INFO:uvicorn.error:Application startup complete.
INFO:uvicorn.error:Started server process [7]
INFO:uvicorn.error:Waiting for application startup.
INFO:uvicorn.error:Application startup complete.
INFO:uvicorn.error:Started server process [7]
INFO:uvicorn.error:Waiting for application startup.
INFO:uvicorn.error:Application startup complete.
INFO:uvicorn.error:Started server process [7]
INFO:uvicorn.error:Waiting for application startup.
INFO:uvicorn.error:Application startup complete.
INFO:uvicorn.error:Started server process [8]
INFO:uvicorn.error:Waiting for application startup.
INFO:uvicorn.error:Application startup complete.
INFO:uvicorn.error:Started server process [7]
INFO:uvicorn.error:Waiting for application startup.
INFO:uvicorn.error:Application startup complete.
INFO:uvicorn.error:Started server process [7]
INFO:uvicorn.error:Waiting for application startup.
INFO:uvicorn.error:Application startup complete.
INFO:uvicorn.error:Started server process [7]
INFO:uvicorn.error:Waiting for application startup.
INFO:uvicorn.error:Application startup complete.
INFO:uvicorn.error:Started server process [7]
INFO:uvicorn.error:Waiting for application startup.
INFO:uvicorn.error:Application startup complete.
INFO:uvicorn.error:Started server process [12356]
INFO:uvicorn.error:Waiting for application startup.
INFO:uvicorn.error:Application startup complete.
INFO:uvicorn.error:Shutting down
INFO:uvicorn.error:Waiting for application shutdown.
INFO:uvicorn.error:Application shutdown complete.
INFO:uvicorn.error:Finished server process [12356]
INFO:uvicorn.error:Started server process [10492]
INFO:uvicorn.error:Waiting for application startup.
INFO:uvicorn.error:Application startup complete.
ERROR:uvicorn.error:Exception in ASGI application
Traceback (most recent call last):
  File "D:\project\vaysik\Vaysik-\venv\lib\site-packages\uvicorn\protocols\http\h11_impl.py", line 394, in run_asgi
    result = await app(self.scope, self.receive, self.send)
  File "D:\project\vaysik\Vaysik-\venv\lib\site-packages\uvicorn\middleware\proxy_headers.py", line 45, in __call__
    return await self.app(scope, receive, send)
  File "D:\project\vaysik\Vaysik-\venv\lib\site-packages\uvicorn\middleware\debug.py", line 81, in __call__
    raise exc from None
  File "D:\project\vaysik\Vaysik-\venv\lib\site-packages\uvicorn\middleware\debug.py", line 78, in __call__
    await self.app(scope, receive, inner_send)
  File "D:\project\vaysik\Vaysik-\venv\lib\site-packages\fastapi\applications.py", line 199, in __call__
    await super().__call__(scope, receive, send)
  File "D:\project\vaysik\Vaysik-\venv\lib\site-packages\starlette\applications.py", line 111, in __call__
    await self.middleware_stack(scope, receive, send)
  File "D:\project\vaysik\Vaysik-\venv\lib\site-packages\starlette\middleware\errors.py", line 181, in __call__
    raise exc from None
  File "D:\project\vaysik\Vaysik-\venv\lib\site-packages\starlette\middleware\errors.py", line 159, in __call__
    await self.app(scope, receive, _send)
  File "D:\project\vaysik\Vaysik-\venv\lib\site-packages\starlette\middleware\cors.py", line 86, in __call__
    await self.simple_response(scope, receive, send, request_headers=headers)
  File "D:\project\vaysik\Vaysik-\venv\lib\site-packages\starlette\middleware\cors.py", line 142, in simple_response
    await self.app(scope, receive, send)
  File "D:\project\vaysik\Vaysik-\venv\lib\site-packages\starlette\exceptions.py", line 82, in __call__
    raise exc from None
  File "D:\project\vaysik\Vaysik-\venv\lib\site-packages\starlette\exceptions.py", line 71, in __call__
    await self.app(scope, receive, sender)
  File "D:\project\vaysik\Vaysik-\venv\lib\site-packages\starlette\routing.py", line 566, in __call__
    await route.handle(scope, receive, send)
  File "D:\project\vaysik\Vaysik-\venv\lib\site-packages\starlette\routing.py", line 227, in handle
    await self.app(scope, receive, send)
  File "D:\project\vaysik\Vaysik-\venv\lib\site-packages\starlette\routing.py", line 41, in app
    response = await func(request)
  File "D:\project\vaysik\Vaysik-\venv\lib\site-packages\fastapi\routing.py", line 201, in app
    raw_response = await run_endpoint_function(
  File "D:\project\vaysik\Vaysik-\venv\lib\site-packages\fastapi\routing.py", line 148, in run_endpoint_function
    return await dependant.call(**values)
  File "D:\project\vaysik\Vaysik-\src\user\v1\api.py", line 33, in create_user
    if not await User.validate_login(request_data["username"], user_collection):
  File "D:\project\vaysik\Vaysik-\src\user\v1\models.py", line 39, in validate_login
    return await db_collection.find_one({"username": login})
  File "c:\users\семён\appdata\local\programs\python\python38\lib\concurrent\futures\thread.py", line 57, in run
    result = self.fn(*self.args, **self.kwargs)
  File "D:\project\vaysik\Vaysik-\venv\lib\site-packages\pymongo\collection.py", line 1319, in find_one
    for result in cursor.limit(-1):
  File "D:\project\vaysik\Vaysik-\venv\lib\site-packages\pymongo\cursor.py", line 1207, in next
    if len(self.__data) or self._refresh():
  File "D:\project\vaysik\Vaysik-\venv\lib\site-packages\pymongo\cursor.py", line 1100, in _refresh
    self.__session = self.__collection.database.client._ensure_session()
  File "D:\project\vaysik\Vaysik-\venv\lib\site-packages\pymongo\mongo_client.py", line 1816, in _ensure_session
    return self.__start_session(True, causal_consistency=False)
  File "D:\project\vaysik\Vaysik-\venv\lib\site-packages\pymongo\mongo_client.py", line 1766, in __start_session
    server_session = self._get_server_session()
  File "D:\project\vaysik\Vaysik-\venv\lib\site-packages\pymongo\mongo_client.py", line 1802, in _get_server_session
    return self._topology.get_server_session()
  File "D:\project\vaysik\Vaysik-\venv\lib\site-packages\pymongo\topology.py", line 485, in get_server_session
    self._select_servers_loop(
  File "D:\project\vaysik\Vaysik-\venv\lib\site-packages\pymongo\topology.py", line 215, in _select_servers_loop
    raise ServerSelectionTimeoutError(
pymongo.errors.ServerSelectionTimeoutError: localhost:27017: [WinError 10061] Подключение не установлено, т.к. конечный компьютер отверг запрос на подключение, Timeout: 30s, Topology Description: <TopologyDescription id: 60621ea3c3c457191c5e4f1b, topology_type: Single, servers: [<ServerDescription ('localhost', 27017) server_type: Unknown, rtt: None, error=AutoReconnect('localhost:27017: [WinError 10061] Подключение не установлено, т.к. конечный компьютер отверг запрос на подключение')>]>
ERROR:uvicorn.error:Exception in ASGI application
Traceback (most recent call last):
  File "D:\project\vaysik\Vaysik-\venv\lib\site-packages\uvicorn\protocols\http\h11_impl.py", line 394, in run_asgi
    result = await app(self.scope, self.receive, self.send)
  File "D:\project\vaysik\Vaysik-\venv\lib\site-packages\uvicorn\middleware\proxy_headers.py", line 45, in __call__
    return await self.app(scope, receive, send)
  File "D:\project\vaysik\Vaysik-\venv\lib\site-packages\uvicorn\middleware\debug.py", line 81, in __call__
    raise exc from None
  File "D:\project\vaysik\Vaysik-\venv\lib\site-packages\uvicorn\middleware\debug.py", line 78, in __call__
    await self.app(scope, receive, inner_send)
  File "D:\project\vaysik\Vaysik-\venv\lib\site-packages\fastapi\applications.py", line 199, in __call__
    await super().__call__(scope, receive, send)
  File "D:\project\vaysik\Vaysik-\venv\lib\site-packages\starlette\applications.py", line 111, in __call__
    await self.middleware_stack(scope, receive, send)
  File "D:\project\vaysik\Vaysik-\venv\lib\site-packages\starlette\middleware\errors.py", line 181, in __call__
    raise exc from None
  File "D:\project\vaysik\Vaysik-\venv\lib\site-packages\starlette\middleware\errors.py", line 159, in __call__
    await self.app(scope, receive, _send)
  File "D:\project\vaysik\Vaysik-\venv\lib\site-packages\starlette\middleware\cors.py", line 86, in __call__
    await self.simple_response(scope, receive, send, request_headers=headers)
  File "D:\project\vaysik\Vaysik-\venv\lib\site-packages\starlette\middleware\cors.py", line 142, in simple_response
    await self.app(scope, receive, send)
  File "D:\project\vaysik\Vaysik-\venv\lib\site-packages\starlette\exceptions.py", line 82, in __call__
    raise exc from None
  File "D:\project\vaysik\Vaysik-\venv\lib\site-packages\starlette\exceptions.py", line 71, in __call__
    await self.app(scope, receive, sender)
  File "D:\project\vaysik\Vaysik-\venv\lib\site-packages\starlette\routing.py", line 566, in __call__
    await route.handle(scope, receive, send)
  File "D:\project\vaysik\Vaysik-\venv\lib\site-packages\starlette\routing.py", line 227, in handle
    await self.app(scope, receive, send)
  File "D:\project\vaysik\Vaysik-\venv\lib\site-packages\starlette\routing.py", line 41, in app
    response = await func(request)
  File "D:\project\vaysik\Vaysik-\venv\lib\site-packages\fastapi\routing.py", line 201, in app
    raw_response = await run_endpoint_function(
  File "D:\project\vaysik\Vaysik-\venv\lib\site-packages\fastapi\routing.py", line 148, in run_endpoint_function
    return await dependant.call(**values)
  File "D:\project\vaysik\Vaysik-\src\chat\v1\chat.py", line 86, in create_room
    res = await insert_room(request.uid, request.room_name, rooms_collection)
  File "D:\project\vaysik\Vaysik-\src\chat\v1\controllers.py", line 38, in insert_room
    dbroom = RoomInDB(**room)
  File "pydantic\main.py", line 362, in pydantic.main.BaseModel.__init__
pydantic.error_wrappers.ValidationError: 1 validation error for RoomInDB
members -> 0 -> password
  field required (type=value_error.missing)
ERROR:uvicorn.error:Exception in ASGI application
Traceback (most recent call last):
  File "D:\project\vaysik\Vaysik-\venv\lib\site-packages\uvicorn\protocols\http\h11_impl.py", line 394, in run_asgi
    result = await app(self.scope, self.receive, self.send)
  File "D:\project\vaysik\Vaysik-\venv\lib\site-packages\uvicorn\middleware\proxy_headers.py", line 45, in __call__
    return await self.app(scope, receive, send)
  File "D:\project\vaysik\Vaysik-\venv\lib\site-packages\uvicorn\middleware\debug.py", line 81, in __call__
    raise exc from None
  File "D:\project\vaysik\Vaysik-\venv\lib\site-packages\uvicorn\middleware\debug.py", line 78, in __call__
    await self.app(scope, receive, inner_send)
  File "D:\project\vaysik\Vaysik-\venv\lib\site-packages\fastapi\applications.py", line 199, in __call__
    await super().__call__(scope, receive, send)
  File "D:\project\vaysik\Vaysik-\venv\lib\site-packages\starlette\applications.py", line 111, in __call__
    await self.middleware_stack(scope, receive, send)
  File "D:\project\vaysik\Vaysik-\venv\lib\site-packages\starlette\middleware\errors.py", line 181, in __call__
    raise exc from None
  File "D:\project\vaysik\Vaysik-\venv\lib\site-packages\starlette\middleware\errors.py", line 159, in __call__
    await self.app(scope, receive, _send)
  File "D:\project\vaysik\Vaysik-\venv\lib\site-packages\starlette\middleware\cors.py", line 86, in __call__
    await self.simple_response(scope, receive, send, request_headers=headers)
  File "D:\project\vaysik\Vaysik-\venv\lib\site-packages\starlette\middleware\cors.py", line 142, in simple_response
    await self.app(scope, receive, send)
  File "D:\project\vaysik\Vaysik-\venv\lib\site-packages\starlette\exceptions.py", line 82, in __call__
    raise exc from None
  File "D:\project\vaysik\Vaysik-\venv\lib\site-packages\starlette\exceptions.py", line 71, in __call__
    await self.app(scope, receive, sender)
  File "D:\project\vaysik\Vaysik-\venv\lib\site-packages\starlette\routing.py", line 566, in __call__
    await route.handle(scope, receive, send)
  File "D:\project\vaysik\Vaysik-\venv\lib\site-packages\starlette\routing.py", line 227, in handle
    await self.app(scope, receive, send)
  File "D:\project\vaysik\Vaysik-\venv\lib\site-packages\starlette\routing.py", line 41, in app
    response = await func(request)
  File "D:\project\vaysik\Vaysik-\venv\lib\site-packages\fastapi\routing.py", line 201, in app
    raw_response = await run_endpoint_function(
  File "D:\project\vaysik\Vaysik-\venv\lib\site-packages\fastapi\routing.py", line 148, in run_endpoint_function
    return await dependant.call(**values)
  File "D:\project\vaysik\Vaysik-\src\chat\v1\chat.py", line 86, in create_room
    res = await insert_room(request.uid, request.room_name, rooms_collection)
  File "D:\project\vaysik\Vaysik-\src\chat\v1\controllers.py", line 38, in insert_room
    dbroom = RoomInDB(**room)
  File "pydantic\main.py", line 362, in pydantic.main.BaseModel.__init__
pydantic.error_wrappers.ValidationError: 1 validation error for RoomInDB
members -> 0 -> password
  field required (type=value_error.missing)
ERROR:uvicorn.error:Exception in ASGI application
Traceback (most recent call last):
  File "D:\project\vaysik\Vaysik-\venv\lib\site-packages\uvicorn\protocols\http\h11_impl.py", line 394, in run_asgi
    result = await app(self.scope, self.receive, self.send)
  File "D:\project\vaysik\Vaysik-\venv\lib\site-packages\uvicorn\middleware\proxy_headers.py", line 45, in __call__
    return await self.app(scope, receive, send)
  File "D:\project\vaysik\Vaysik-\venv\lib\site-packages\uvicorn\middleware\debug.py", line 81, in __call__
    raise exc from None
  File "D:\project\vaysik\Vaysik-\venv\lib\site-packages\uvicorn\middleware\debug.py", line 78, in __call__
    await self.app(scope, receive, inner_send)
  File "D:\project\vaysik\Vaysik-\venv\lib\site-packages\fastapi\applications.py", line 199, in __call__
    await super().__call__(scope, receive, send)
  File "D:\project\vaysik\Vaysik-\venv\lib\site-packages\starlette\applications.py", line 111, in __call__
    await self.middleware_stack(scope, receive, send)
  File "D:\project\vaysik\Vaysik-\venv\lib\site-packages\starlette\middleware\errors.py", line 181, in __call__
    raise exc from None
  File "D:\project\vaysik\Vaysik-\venv\lib\site-packages\starlette\middleware\errors.py", line 159, in __call__
    await self.app(scope, receive, _send)
  File "D:\project\vaysik\Vaysik-\venv\lib\site-packages\starlette\middleware\cors.py", line 86, in __call__
    await self.simple_response(scope, receive, send, request_headers=headers)
  File "D:\project\vaysik\Vaysik-\venv\lib\site-packages\starlette\middleware\cors.py", line 142, in simple_response
    await self.app(scope, receive, send)
  File "D:\project\vaysik\Vaysik-\venv\lib\site-packages\starlette\exceptions.py", line 82, in __call__
    raise exc from None
  File "D:\project\vaysik\Vaysik-\venv\lib\site-packages\starlette\exceptions.py", line 71, in __call__
    await self.app(scope, receive, sender)
  File "D:\project\vaysik\Vaysik-\venv\lib\site-packages\starlette\routing.py", line 566, in __call__
    await route.handle(scope, receive, send)
  File "D:\project\vaysik\Vaysik-\venv\lib\site-packages\starlette\routing.py", line 227, in handle
    await self.app(scope, receive, send)
  File "D:\project\vaysik\Vaysik-\venv\lib\site-packages\starlette\routing.py", line 41, in app
    response = await func(request)
  File "D:\project\vaysik\Vaysik-\venv\lib\site-packages\fastapi\routing.py", line 201, in app
    raw_response = await run_endpoint_function(
  File "D:\project\vaysik\Vaysik-\venv\lib\site-packages\fastapi\routing.py", line 148, in run_endpoint_function
    return await dependant.call(**values)
  File "D:\project\vaysik\Vaysik-\src\chat\v1\chat.py", line 86, in create_room
    res = await insert_room(request.uid, request.room_name, rooms_collection)
  File "D:\project\vaysik\Vaysik-\src\chat\v1\controllers.py", line 38, in insert_room
    dbroom = RoomInDB(**room)
  File "pydantic\main.py", line 362, in pydantic.main.BaseModel.__init__
pydantic.error_wrappers.ValidationError: 1 validation error for RoomInDB
members -> 0 -> password
  field required (type=value_error.missing)
INFO:uvicorn.error:Started server process [19412]
INFO:uvicorn.error:Waiting for application startup.
INFO:uvicorn.error:Application startup complete.
INFO:uvicorn.error:Started server process [14280]
INFO:uvicorn.error:Waiting for application startup.
INFO:uvicorn.error:Application startup complete.
INFO:uvicorn.error:Started server process [17572]
INFO:uvicorn.error:Waiting for application startup.
INFO:uvicorn.error:Application startup complete.
INFO:uvicorn.error:Started server process [17116]
INFO:uvicorn.error:Waiting for application startup.
INFO:uvicorn.error:Application startup complete.
INFO:uvicorn.error:Started server process [14920]
INFO:uvicorn.error:Waiting for application startup.
INFO:uvicorn.error:Application startup complete.
INFO:uvicorn.error:Started server process [13860]
INFO:uvicorn.error:Waiting for application startup.
INFO:uvicorn.error:Application startup complete.
INFO:uvicorn.error:Started server process [4200]
INFO:uvicorn.error:Waiting for application startup.
INFO:uvicorn.error:Application startup complete.
INFO:uvicorn.error:Started server process [8]
INFO:uvicorn.error:Waiting for application startup.
INFO:uvicorn.error:Application startup complete.
INFO:uvicorn.error:Started server process [9]
INFO:uvicorn.error:Waiting for application startup.
INFO:uvicorn.error:Application startup complete.
INFO:uvicorn.error:Started server process [8]
INFO:uvicorn.error:Waiting for application startup.
INFO:uvicorn.error:Application startup complete.
INFO:uvicorn.error:Started server process [9]
INFO:uvicorn.error:Waiting for application startup.
INFO:uvicorn.error:Application startup complete.
INFO:uvicorn.error:Started server process [8]
INFO:uvicorn.error:Waiting for application startup.
INFO:uvicorn.error:Application startup complete.
INFO:uvicorn.error:Started server process [8]
INFO:uvicorn.error:Waiting for application startup.
INFO:uvicorn.error:Application startup complete.
INFO:uvicorn.error:Started server process [9]
INFO:uvicorn.error:Waiting for application startup.
INFO:uvicorn.error:Application startup complete.
INFO:uvicorn.error:Started server process [8]
INFO:uvicorn.error:Waiting for application startup.
INFO:uvicorn.error:Application startup complete.
INFO:uvicorn.error:Started server process [8]
INFO:uvicorn.error:Waiting for application startup.
INFO:uvicorn.error:Application startup complete.
INFO:uvicorn.error:Started server process [9]
INFO:uvicorn.error:Waiting for application startup.
INFO:uvicorn.error:Application startup complete.
INFO:uvicorn.error:Started server process [8]
INFO:uvicorn.error:Waiting for application startup.
INFO:uvicorn.error:Application startup complete.
INFO:uvicorn.error:Started server process [9]
INFO:uvicorn.error:Waiting for application startup.
INFO:uvicorn.error:Application startup complete.
INFO:uvicorn.error:Started server process [9]
INFO:uvicorn.error:Waiting for application startup.
INFO:uvicorn.error:Application startup complete.
INFO:uvicorn.error:Shutting down
INFO:uvicorn.error:Waiting for application shutdown.
INFO:uvicorn.error:Application shutdown complete.
INFO:uvicorn.error:Finished server process [9]
INFO:uvicorn.error:Started server process [11]
INFO:uvicorn.error:Waiting for application startup.
INFO:uvicorn.error:Application startup complete.
INFO:uvicorn.error:Started server process [8]
INFO:uvicorn.error:Waiting for application startup.
INFO:uvicorn.error:Application startup complete.
INFO:uvicorn.error:Shutting down
INFO:uvicorn.error:Waiting for application shutdown.
INFO:uvicorn.error:Application shutdown complete.
INFO:uvicorn.error:Finished server process [8]
INFO:uvicorn.error:Started server process [25]
INFO:uvicorn.error:Waiting for application startup.
INFO:uvicorn.error:Application startup complete.
INFO:uvicorn.error:Started server process [35]
INFO:uvicorn.error:Waiting for application startup.
INFO:uvicorn.error:Application startup complete.
INFO:uvicorn.error:Shutting down
INFO:uvicorn.error:Waiting for application shutdown.
INFO:uvicorn.error:Application shutdown complete.
INFO:uvicorn.error:Finished server process [25]
INFO:uvicorn.error:Shutting down
INFO:uvicorn.error:Waiting for application shutdown.
INFO:uvicorn.error:Application shutdown complete.
INFO:uvicorn.error:Finished server process [35]
INFO:uvicorn.error:Started server process [37]
INFO:uvicorn.error:Waiting for application startup.
INFO:uvicorn.error:Application startup complete.
INFO:uvicorn.error:Started server process [43]
INFO:uvicorn.error:Waiting for application startup.
INFO:uvicorn.error:Application startup complete.
INFO:uvicorn.error:Shutting down
INFO:uvicorn.error:Shutting down
INFO:uvicorn.error:Waiting for application shutdown.
INFO:uvicorn.error:Application shutdown complete.
INFO:uvicorn.error:Finished server process [43]
INFO:uvicorn.error:Waiting for application shutdown.
INFO:uvicorn.error:Application shutdown complete.
INFO:uvicorn.error:Finished server process [37]
INFO:uvicorn.error:Started server process [45]
INFO:uvicorn.error:Waiting for application startup.
INFO:uvicorn.error:Application startup complete.
INFO:uvicorn.error:Started server process [46]
INFO:uvicorn.error:Waiting for application startup.
INFO:uvicorn.error:Application startup complete.
INFO:uvicorn.error:Started server process [8]
INFO:uvicorn.error:Waiting for application startup.
INFO:uvicorn.error:Application startup complete.
INFO:uvicorn.error:Started server process [9]
INFO:uvicorn.error:Waiting for application startup.
INFO:uvicorn.error:Application startup complete.
INFO:uvicorn.error:Started server process [8]
INFO:uvicorn.error:Waiting for application startup.
INFO:uvicorn.error:Application startup complete.
INFO:uvicorn.error:Shutting down
INFO:uvicorn.error:Waiting for application shutdown.
INFO:uvicorn.error:Application shutdown complete.
INFO:uvicorn.error:Finished server process [8]
INFO:uvicorn.error:Started server process [18]
INFO:uvicorn.error:Waiting for application startup.
INFO:uvicorn.error:Application startup complete.
INFO:uvicorn.error:Started server process [9]
INFO:uvicorn.error:Waiting for application startup.
INFO:uvicorn.error:Application startup complete.
INFO:uvicorn.error:Started server process [9]
INFO:uvicorn.error:Waiting for application startup.
INFO:uvicorn.error:Application startup complete.
INFO:uvicorn.error:Shutting down
INFO:uvicorn.error:Waiting for application shutdown.
INFO:uvicorn.error:Application shutdown complete.
INFO:uvicorn.error:Finished server process [9]
INFO:uvicorn.error:Started server process [11]
INFO:uvicorn.error:Waiting for application startup.
INFO:uvicorn.error:Application startup complete.
INFO:uvicorn.error:Started server process [8]
INFO:uvicorn.error:Waiting for application startup.
INFO:uvicorn.error:Application startup complete.
INFO:uvicorn.error:Started server process [23]
INFO:uvicorn.error:Waiting for application startup.
INFO:uvicorn.error:Application startup complete.
ERROR:uvicorn.error:[Errno 98] error while attempting to bind on address ('127.0.0.1', 8000): address already in use
INFO:uvicorn.error:Waiting for application shutdown.
INFO:uvicorn.error:Application shutdown complete.
INFO:uvicorn.error:Started server process [8]
INFO:uvicorn.error:Waiting for application startup.
INFO:uvicorn.error:Application startup complete.
INFO:uvicorn.error:Started server process [8]
INFO:uvicorn.error:Waiting for application startup.
INFO:uvicorn.error:Application startup complete.
INFO:uvicorn.error:Shutting down
INFO:uvicorn.error:Waiting for application shutdown.
INFO:uvicorn.error:Application shutdown complete.
INFO:uvicorn.error:Finished server process [8]
INFO:uvicorn.error:Started server process [10]
INFO:uvicorn.error:Waiting for application startup.
INFO:uvicorn.error:Application startup complete.
INFO:uvicorn.error:Shutting down
INFO:uvicorn.error:Waiting for application shutdown.
INFO:uvicorn.error:Application shutdown complete.
INFO:uvicorn.error:Finished server process [10]
INFO:uvicorn.error:Started server process [12]
INFO:uvicorn.error:Waiting for application startup.
INFO:uvicorn.error:Application startup complete.
INFO:uvicorn.error:Started server process [37]
INFO:uvicorn.error:Waiting for application startup.
INFO:uvicorn.error:Application startup complete.
INFO:uvicorn.error:Shutting down
INFO:uvicorn.error:Waiting for application shutdown.
INFO:uvicorn.error:Application shutdown complete.
INFO:uvicorn.error:Finished server process [37]
INFO:uvicorn.error:Started server process [41]
INFO:uvicorn.error:Waiting for application startup.
INFO:uvicorn.error:Application startup complete.
INFO:uvicorn.error:Started server process [8]
INFO:uvicorn.error:Waiting for application startup.
INFO:uvicorn.error:Application startup complete.
INFO:uvicorn.error:Started server process [9]
INFO:uvicorn.error:Waiting for application startup.
INFO:uvicorn.error:Application startup complete.
INFO:uvicorn.error:Started server process [8]
INFO:uvicorn.error:Waiting for application startup.
INFO:uvicorn.error:Application startup complete.
INFO:uvicorn.error:Started server process [9]
INFO:uvicorn.error:Waiting for application startup.
INFO:uvicorn.error:Application startup complete.
INFO:uvicorn.error:Started server process [8]
INFO:uvicorn.error:Waiting for application startup.
INFO:uvicorn.error:Application startup complete.
INFO:uvicorn.error:Shutting down
INFO:uvicorn.error:Waiting for application shutdown.
INFO:uvicorn.error:Application shutdown complete.
INFO:uvicorn.error:Finished server process [8]
INFO:uvicorn.error:Started server process [10]
INFO:uvicorn.error:Waiting for application startup.
INFO:uvicorn.error:Application startup complete.
INFO:uvicorn.error:Started server process [8]
INFO:uvicorn.error:Waiting for application startup.
INFO:uvicorn.error:Application startup complete.
